RUN	de.beyondJava.bootsFaces.chess.ItalianOpening		italianopening	1462701734159	 	2.0
USER	ItalianOpening	1	START	1462701734875	1462701734875
REQUEST	ItalianOpening	1		request_0	1462701734899	1462701735007	OK	 
REQUEST	ItalianOpening	1		s_springer_frei.png;jsessionid=FBE98E2D131970A4C19498E8E7031624	1462701735131	1462701735203	OK	 
REQUEST	ItalianOpening	1		s_turm_frei.png;jsessionid=FBE98E2D131970A4C19498E8E7031624	1462701735131	1462701735200	OK	 
REQUEST	ItalianOpening	1		s_laeufer_frei.png;jsessionid=FBE98E2D131970A4C19498E8E7031624	1462701735132	1462701735207	OK	 
REQUEST	ItalianOpening	1		theme.css.jsf;jsessionid=FBE98E2D131970A4C19498E8E7031624?ln=bsf	1462701735131	1462701735210	OK	 
REQUEST	ItalianOpening	1		theme.css.jsf?ln=primefaces-aristo	1462701735129	1462701735236	OK	 
REQUEST	ItalianOpening	1		s_bauer_frei.png;jsessionid=FBE98E2D131970A4C19498E8E7031624	1462701735208	1462701735278	OK	 
REQUEST	ItalianOpening	1		s_dame_frei.png;jsessionid=FBE98E2D131970A4C19498E8E7031624	1462701735206	1462701735283	OK	 
REQUEST	ItalianOpening	1		s_koenig_frei.png;jsessionid=FBE98E2D131970A4C19498E8E7031624	1462701735206	1462701735284	OK	 
REQUEST	ItalianOpening	1		eNpLKk6zSi4u1k_OL0rVAzJqkqACJfn5OSWZBShieYllSYlFKEIFiXmpOcUoQkAahZ-Yk1pUgqokNz8lEaILAH8pMZw.css.jsf;jsessionid=FBE98E2D131970A4C19498E8E7031624?ln=omnifaces.combined&v=1441746858000	1462701735130	1462701735285	OK	 
REQUEST	ItalianOpening	1		feld_frei.png;jsessionid=FBE98E2D131970A4C19498E8E7031624	1462701735230	1462701735291	OK	 
REQUEST	ItalianOpening	1		w_bauer_frei.png;jsessionid=FBE98E2D131970A4C19498E8E7031624	1462701735243	1462701735444	OK	 
REQUEST	ItalianOpening	1		w_dame_frei.png;jsessionid=FBE98E2D131970A4C19498E8E7031624	1462701735296	1462701735473	OK	 
REQUEST	ItalianOpening	1		w_koenig_frei.png;jsessionid=FBE98E2D131970A4C19498E8E7031624	1462701735296	1462701735608	OK	 
REQUEST	ItalianOpening	1		w_turm_frei.png;jsessionid=FBE98E2D131970A4C19498E8E7031624	1462701735279	1462701735610	OK	 
REQUEST	ItalianOpening	1		w_springer_frei.png;jsessionid=FBE98E2D131970A4C19498E8E7031624	1462701735284	1462701735610	OK	 
REQUEST	ItalianOpening	1		w_laeufer_frei.png;jsessionid=FBE98E2D131970A4C19498E8E7031624	1462701735285	1462701735610	OK	 
REQUEST	ItalianOpening	1		request_2	1462701735447	1462701735650	KO	status.find.is(304), but actually found 200
REQUEST	ItalianOpening	1		request_3	1462701751798	1462701751981	OK	 
REQUEST	ItalianOpening	1		request_5	1462701751986	1462701752061	OK	 
REQUEST	ItalianOpening	1		request_6	1462701751988	1462701752061	OK	 
REQUEST	ItalianOpening	1		request_4	1462701751985	1462701752061	OK	 
REQUEST	ItalianOpening	1		request_7	1462701761071	1462701761131	OK	 
REQUEST	ItalianOpening	1		request_8	1462701761133	1462701761192	OK	 
REQUEST	ItalianOpening	1		request_10	1462701761135	1462701761192	OK	 
REQUEST	ItalianOpening	1		request_9	1462701761134	1462701761193	OK	 
REQUEST	ItalianOpening	1		request_11	1462701764191	1462701764252	OK	 
REQUEST	ItalianOpening	1		request_12	1462701764254	1462701764316	OK	 
REQUEST	ItalianOpening	1		request_13	1462701765313	1462701765374	OK	 
REQUEST	ItalianOpening	1		request_14	1462701765375	1462701765434	OK	 
REQUEST	ItalianOpening	1		request_15	1462701778441	1462701778505	OK	 
REQUEST	ItalianOpening	1		request_16	1462701778507	1462701778568	OK	 
REQUEST	ItalianOpening	1		request_18	1462701778509	1462701778568	OK	 
REQUEST	ItalianOpening	1		request_17	1462701778508	1462701778569	OK	 
REQUEST	ItalianOpening	1		request_19	1462701790561	1462701790621	OK	 
REQUEST	ItalianOpening	1		request_20	1462701790623	1462701790682	OK	 
REQUEST	ItalianOpening	1		request_21	1462701790624	1462701790684	OK	 
REQUEST	ItalianOpening	1		request_22	1462701790625	1462701790685	OK	 
REQUEST	ItalianOpening	1		request_23	1462701793692	1462701793751	OK	 
REQUEST	ItalianOpening	1		request_24	1462701793753	1462701793811	OK	 
REQUEST	ItalianOpening	1		request_25	1462701793754	1462701793813	OK	 
REQUEST	ItalianOpening	1		request_26	1462701793755	1462701793817	OK	 
REQUEST	ItalianOpening	1		request_27	1462701802823	1462701803064	OK	 
REQUEST	ItalianOpening	1		request_28	1462701803065	1462701803127	OK	 
REQUEST	ItalianOpening	1		request_29	1462701803066	1462701803128	OK	 
REQUEST	ItalianOpening	1		request_30	1462701803068	1462701803129	OK	 
USER	ItalianOpening	1	END	1462701734875	1462701803131
